<?xml version="1.0" encoding="UTF-8"?>
<testsuite xmlns:xsi="http://www.w3.org/2001/XMLSchema-instance" xsi:noNamespaceSchemaLocation="https://maven.apache.org/surefire/maven-surefire-plugin/xsd/surefire-test-report-3.0.xsd" version="3.0" name="org.jnd.car.controller.CarsResourceTest" time="7.234" tests="1" errors="0" skipped="0" failures="0">
  <properties>
    <property name="gopherProxySet" value="false"/>
    <property name="awt.toolkit" value="sun.lwawt.macosx.LWCToolkit"/>
    <property name="java.specification.version" value="11"/>
    <property name="sun.cpu.isalist" value=""/>
    <property name="sun.jnu.encoding" value="UTF-8"/>
    <property name="test.url" value="http://localhost:8081"/>
    <property name="java.class.path" value="/Users/justin/github/quarkus-kafka-tekton/car/target/test-classes:/Users/justin/github/quarkus-kafka-tekton/car/target/classes:/Users/justin/.m2/repository/io/quarkus/quarkus-smallrye-reactive-messaging-kafka/2.8.1.Final/quarkus-smallrye-reactive-messaging-kafka-2.8.1.Final.jar:/Users/justin/.m2/repository/io/quarkus/quarkus-kafka-client/2.8.1.Final/quarkus-kafka-client-2.8.1.Final.jar:/Users/justin/.m2/repository/io/quarkus/quarkus-arc/2.8.1.Final/quarkus-arc-2.8.1.Final.jar:/Users/justin/.m2/repository/io/quarkus/arc/arc/2.8.1.Final/arc-2.8.1.Final.jar:/Users/justin/.m2/repository/jakarta/transaction/jakarta.transaction-api/1.3.3/jakarta.transaction-api-1.3.3.jar:/Users/justin/.m2/repository/org/eclipse/microprofile/context-propagation/microprofile-context-propagation-api/1.2/microprofile-context-propagation-api-1.2.jar:/Users/justin/.m2/repository/io/quarkus/quarkus-caffeine/2.8.1.Final/quarkus-caffeine-2.8.1.Final.jar:/Users/justin/.m2/repository/com/github/ben-manes/caffeine/caffeine/2.9.3/caffeine-2.9.3.jar:/Users/justin/.m2/repository/com/google/errorprone/error_prone_annotations/2.11.0/error_prone_annotations-2.11.0.jar:/Users/justin/.m2/repository/io/smallrye/reactive/smallrye-reactive-messaging-kafka/3.15.0/smallrye-reactive-messaging-kafka-3.15.0.jar:/Users/justin/.m2/repository/io/smallrye/reactive/smallrye-reactive-messaging-kafka-api/3.15.0/smallrye-reactive-messaging-kafka-api-3.15.0.jar:/Users/justin/.m2/repository/io/opentelemetry/opentelemetry-api/1.12.0/opentelemetry-api-1.12.0.jar:/Users/justin/.m2/repository/io/opentelemetry/opentelemetry-context/1.12.0/opentelemetry-context-1.12.0.jar:/Users/justin/.m2/repository/io/opentelemetry/opentelemetry-semconv/1.12.0-alpha/opentelemetry-semconv-1.12.0-alpha.jar:/Users/justin/.m2/repository/io/smallrye/reactive/smallrye-reactive-converter-api/2.7.0/smallrye-reactive-converter-api-2.7.0.jar:/Users/justin/.m2/repository/io/smallrye/reactive/mutiny/1.4.0/mutiny-1.4.0.jar:/Users/justin/.m2/repository/io/quarkus/quarkus-jackson/2.8.1.Final/quarkus-jackson-2.8.1.Final.jar:/Users/justin/.m2/repository/com/fasterxml/jackson/core/jackson-databind/2.13.2.2/jackson-databind-2.13.2.2.jar:/Users/justin/.m2/repository/com/fasterxml/jackson/core/jackson-annotations/2.13.2/jackson-annotations-2.13.2.jar:/Users/justin/.m2/repository/com/fasterxml/jackson/core/jackson-core/2.13.2/jackson-core-2.13.2.jar:/Users/justin/.m2/repository/com/fasterxml/jackson/datatype/jackson-datatype-jsr310/2.13.2/jackson-datatype-jsr310-2.13.2.jar:/Users/justin/.m2/repository/com/fasterxml/jackson/datatype/jackson-datatype-jdk8/2.13.2/jackson-datatype-jdk8-2.13.2.jar:/Users/justin/.m2/repository/com/fasterxml/jackson/module/jackson-module-parameter-names/2.13.2/jackson-module-parameter-names-2.13.2.jar:/Users/justin/.m2/repository/org/apache/kafka/kafka-clients/3.1.0/kafka-clients-3.1.0.jar:/Users/justin/.m2/repository/com/github/luben/zstd-jni/1.5.0-4/zstd-jni-1.5.0-4.jar:/Users/justin/.m2/repository/org/lz4/lz4-java/1.8.0/lz4-java-1.8.0.jar:/Users/justin/.m2/repository/org/xerial/snappy/snappy-java/1.1.8.4/snappy-java-1.1.8.4.jar:/Users/justin/.m2/repository/org/slf4j/slf4j-api/1.7.36/slf4j-api-1.7.36.jar:/Users/justin/.m2/repository/io/vertx/vertx-kafka-client/4.2.7/vertx-kafka-client-4.2.7.jar:/Users/justin/.m2/repository/io/vertx/vertx-core/4.2.7/vertx-core-4.2.7.jar:/Users/justin/.m2/repository/io/netty/netty-common/4.1.74.Final/netty-common-4.1.74.Final.jar:/Users/justin/.m2/repository/io/netty/netty-buffer/4.1.74.Final/netty-buffer-4.1.74.Final.jar:/Users/justin/.m2/repository/io/netty/netty-transport/4.1.74.Final/netty-transport-4.1.74.Final.jar:/Users/justin/.m2/repository/io/netty/netty-handler/4.1.74.Final/netty-handler-4.1.74.Final.jar:/Users/justin/.m2/repository/io/netty/netty-codec/4.1.74.Final/netty-codec-4.1.74.Final.jar:/Users/justin/.m2/repository/io/netty/netty-tcnative-classes/2.0.48.Final/netty-tcnative-classes-2.0.48.Final.jar:/Users/justin/.m2/repository/io/netty/netty-handler-proxy/4.1.74.Final/netty-handler-proxy-4.1.74.Final.jar:/Users/justin/.m2/repository/io/netty/netty-codec-socks/4.1.74.Final/netty-codec-socks-4.1.74.Final.jar:/Users/justin/.m2/repository/io/netty/netty-codec-http/4.1.74.Final/netty-codec-http-4.1.74.Final.jar:/Users/justin/.m2/repository/io/netty/netty-codec-http2/4.1.74.Final/netty-codec-http2-4.1.74.Final.jar:/Users/justin/.m2/repository/io/netty/netty-resolver/4.1.74.Final/netty-resolver-4.1.74.Final.jar:/Users/justin/.m2/repository/io/netty/netty-resolver-dns/4.1.74.Final/netty-resolver-dns-4.1.74.Final.jar:/Users/justin/.m2/repository/io/netty/netty-codec-dns/4.1.74.Final/netty-codec-dns-4.1.74.Final.jar:/Users/justin/.m2/repository/io/quarkus/quarkus-smallrye-reactive-messaging/2.8.1.Final/quarkus-smallrye-reactive-messaging-2.8.1.Final.jar:/Users/justin/.m2/repository/io/quarkus/quarkus-mutiny-reactive-streams-operators/2.8.1.Final/quarkus-mutiny-reactive-streams-operators-2.8.1.Final.jar:/Users/justin/.m2/repository/org/eclipse/microprofile/reactive-streams-operators/microprofile-reactive-streams-operators-api/1.0.1/microprofile-reactive-streams-operators-api-1.0.1.jar:/Users/justin/.m2/repository/org/eclipse/microprofile/reactive-streams-operators/microprofile-reactive-streams-operators-core/1.0.1/microprofile-reactive-streams-operators-core-1.0.1.jar:/Users/justin/.m2/repository/io/smallrye/reactive/mutiny-reactive-streams-operators/1.4.0/mutiny-reactive-streams-operators-1.4.0.jar:/Users/justin/.m2/repository/io/smallrye/reactive/mutiny-smallrye-context-propagation/1.4.0/mutiny-smallrye-context-propagation-1.4.0.jar:/Users/justin/.m2/repository/io/smallrye/smallrye-context-propagation/1.2.2/smallrye-context-propagation-1.2.2.jar:/Users/justin/.m2/repository/io/smallrye/smallrye-context-propagation-api/1.2.2/smallrye-context-propagation-api-1.2.2.jar:/Users/justin/.m2/repository/io/smallrye/smallrye-context-propagation-storage/1.2.2/smallrye-context-propagation-storage-1.2.2.jar:/Users/justin/.m2/repository/io/quarkus/quarkus-smallrye-context-propagation/2.8.1.Final/quarkus-smallrye-context-propagation-2.8.1.Final.jar:/Users/justin/.m2/repository/io/quarkus/quarkus-smallrye-reactive-messaging-kotlin/2.8.1.Final/quarkus-smallrye-reactive-messaging-kotlin-2.8.1.Final.jar:/Users/justin/.m2/repository/io/quarkus/quarkus-vertx/2.8.1.Final/quarkus-vertx-2.8.1.Final.jar:/Users/justin/.m2/repository/io/quarkus/quarkus-netty/2.8.1.Final/quarkus-netty-2.8.1.Final.jar:/Users/justin/.m2/repository/io/netty/netty-codec-haproxy/4.1.74.Final/netty-codec-haproxy-4.1.74.Final.jar:/Users/justin/.m2/repository/io/smallrye/smallrye-fault-tolerance-vertx/5.3.1/smallrye-fault-tolerance-vertx-5.3.1.jar:/Users/justin/.m2/repository/io/smallrye/common/smallrye-common-annotation/1.10.0/smallrye-common-annotation-1.10.0.jar:/Users/justin/.m2/repository/io/smallrye/reactive/smallrye-reactive-messaging-health/3.15.0/smallrye-reactive-messaging-health-3.15.0.jar:/Users/justin/.m2/repository/io/smallrye/reactive/smallrye-reactive-messaging-provider/3.15.0/smallrye-reactive-messaging-provider-3.15.0.jar:/Users/justin/.m2/repository/io/smallrye/reactive/smallrye-reactive-messaging-api/3.15.0/smallrye-reactive-messaging-api-3.15.0.jar:/Users/justin/.m2/repository/io/smallrye/common/smallrye-common-vertx-context/1.10.0/smallrye-common-vertx-context-1.10.0.jar:/Users/justin/.m2/repository/io/smallrye/common/smallrye-common-constraint/1.10.0/smallrye-common-constraint-1.10.0.jar:/Users/justin/.m2/repository/io/smallrye/reactive/smallrye-mutiny-vertx-core/2.21.0/smallrye-mutiny-vertx-core-2.21.0.jar:/Users/justin/.m2/repository/io/smallrye/reactive/smallrye-mutiny-vertx-runtime/2.21.0/smallrye-mutiny-vertx-runtime-2.21.0.jar:/Users/justin/.m2/repository/io/smallrye/reactive/vertx-mutiny-generator/2.21.0/vertx-mutiny-generator-2.21.0.jar:/Users/justin/.m2/repository/io/vertx/vertx-codegen/4.2.7/vertx-codegen-4.2.7.jar:/Users/justin/.m2/repository/jakarta/annotation/jakarta.annotation-api/1.3.5/jakarta.annotation-api-1.3.5.jar:/Users/justin/.m2/repository/io/quarkus/quarkus-resteasy-reactive-jackson/2.8.1.Final/quarkus-resteasy-reactive-jackson-2.8.1.Final.jar:/Users/justin/.m2/repository/io/quarkus/quarkus-resteasy-reactive/2.8.1.Final/quarkus-resteasy-reactive-2.8.1.Final.jar:/Users/justin/.m2/repository/io/quarkus/quarkus-resteasy-reactive-common/2.8.1.Final/quarkus-resteasy-reactive-common-2.8.1.Final.jar:/Users/justin/.m2/repository/io/quarkus/resteasy/reactive/resteasy-reactive-common/2.8.1.Final/resteasy-reactive-common-2.8.1.Final.jar:/Users/justin/.m2/repository/io/quarkus/resteasy/reactive/resteasy-reactive-vertx/2.8.1.Final/resteasy-reactive-vertx-2.8.1.Final.jar:/Users/justin/.m2/repository/io/quarkus/resteasy/reactive/resteasy-reactive/2.8.1.Final/resteasy-reactive-2.8.1.Final.jar:/Users/justin/.m2/repository/io/quarkus/quarkus-resteasy-reactive-jackson-common/2.8.1.Final/quarkus-resteasy-reactive-jackson-common-2.8.1.Final.jar:/Users/justin/.m2/repository/io/quarkus/resteasy/reactive/resteasy-reactive-jackson/2.8.1.Final/resteasy-reactive-jackson-2.8.1.Final.jar:/Users/justin/.m2/repository/io/quarkus/quarkus-smallrye-health/2.8.1.Final/quarkus-smallrye-health-2.8.1.Final.jar:/Users/justin/.m2/repository/io/smallrye/smallrye-health/3.2.1/smallrye-health-3.2.1.jar:/Users/justin/.m2/repository/org/eclipse/microprofile/health/microprofile-health-api/3.1/microprofile-health-api-3.1.jar:/Users/justin/.m2/repository/io/smallrye/smallrye-health-api/3.2.1/smallrye-health-api-3.2.1.jar:/Users/justin/.m2/repository/io/smallrye/config/smallrye-config/2.9.2/smallrye-config-2.9.2.jar:/Users/justin/.m2/repository/io/smallrye/config/smallrye-config-core/2.9.2/smallrye-config-core-2.9.2.jar:/Users/justin/.m2/repository/org/eclipse/microprofile/config/microprofile-config-api/2.0.1/microprofile-config-api-2.0.1.jar:/Users/justin/.m2/repository/io/smallrye/common/smallrye-common-expression/1.10.0/smallrye-common-expression-1.10.0.jar:/Users/justin/.m2/repository/io/smallrye/common/smallrye-common-function/1.10.0/smallrye-common-function-1.10.0.jar:/Users/justin/.m2/repository/io/smallrye/common/smallrye-common-classloader/1.10.0/smallrye-common-classloader-1.10.0.jar:/Users/justin/.m2/repository/io/smallrye/config/smallrye-config-common/2.9.2/smallrye-config-common-2.9.2.jar:/Users/justin/.m2/repository/jakarta/enterprise/jakarta.enterprise.cdi-api/2.0.2/jakarta.enterprise.cdi-api-2.0.2.jar:/Users/justin/.m2/repository/jakarta/el/jakarta.el-api/3.0.3/jakarta.el-api-3.0.3.jar:/Users/justin/.m2/repository/jakarta/interceptor/jakarta.interceptor-api/1.2.5/jakarta.interceptor-api-1.2.5.jar:/Users/justin/.m2/repository/org/glassfish/jakarta.json/1.1.6/jakarta.json-1.1.6.jar:/Users/justin/.m2/repository/io/smallrye/smallrye-health-provided-checks/3.2.1/smallrye-health-provided-checks-3.2.1.jar:/Users/justin/.m2/repository/io/quarkus/quarkus-core/2.8.1.Final/quarkus-core-2.8.1.Final.jar:/Users/justin/.m2/repository/jakarta/inject/jakarta.inject-api/1.0/jakarta.inject-api-1.0.jar:/Users/justin/.m2/repository/io/quarkus/quarkus-ide-launcher/2.8.1.Final/quarkus-ide-launcher-2.8.1.Final.jar:/Users/justin/.m2/repository/io/quarkus/quarkus-development-mode-spi/2.8.1.Final/quarkus-development-mode-spi-2.8.1.Final.jar:/Users/justin/.m2/repository/org/jboss/logmanager/jboss-logmanager-embedded/1.0.9/jboss-logmanager-embedded-1.0.9.jar:/Users/justin/.m2/repository/org/jboss/logging/jboss-logging-annotations/2.2.1.Final/jboss-logging-annotations-2.2.1.Final.jar:/Users/justin/.m2/repository/org/jboss/threads/jboss-threads/3.4.2.Final/jboss-threads-3.4.2.Final.jar:/Users/justin/.m2/repository/org/jboss/slf4j/slf4j-jboss-logmanager/1.1.0.Final/slf4j-jboss-logmanager-1.1.0.Final.jar:/Users/justin/.m2/repository/org/graalvm/sdk/graal-sdk/22.0.0.2/graal-sdk-22.0.0.2.jar:/Users/justin/.m2/repository/org/wildfly/common/wildfly-common/1.5.4.Final-format-001/wildfly-common-1.5.4.Final-format-001.jar:/Users/justin/.m2/repository/io/quarkus/quarkus-bootstrap-runner/2.8.1.Final/quarkus-bootstrap-runner-2.8.1.Final.jar:/Users/justin/.m2/repository/io/quarkus/quarkus-fs-util/0.0.9/quarkus-fs-util-0.0.9.jar:/Users/justin/.m2/repository/io/quarkus/quarkus-vertx-http/2.8.1.Final/quarkus-vertx-http-2.8.1.Final.jar:/Users/justin/.m2/repository/io/quarkus/quarkus-security-runtime-spi/2.8.1.Final/quarkus-security-runtime-spi-2.8.1.Final.jar:/Users/justin/.m2/repository/io/quarkus/quarkus-mutiny/2.8.1.Final/quarkus-mutiny-2.8.1.Final.jar:/Users/justin/.m2/repository/io/quarkus/quarkus-vertx-http-dev-console-runtime-spi/2.8.1.Final/quarkus-vertx-http-dev-console-runtime-spi-2.8.1.Final.jar:/Users/justin/.m2/repository/io/quarkus/security/quarkus-security/1.1.4.Final/quarkus-security-1.1.4.Final.jar:/Users/justin/.m2/repository/io/smallrye/reactive/smallrye-mutiny-vertx-web/2.21.0/smallrye-mutiny-vertx-web-2.21.0.jar:/Users/justin/.m2/repository/io/smallrye/reactive/smallrye-mutiny-vertx-web-common/2.21.0/smallrye-mutiny-vertx-web-common-2.21.0.jar:/Users/justin/.m2/repository/io/smallrye/reactive/smallrye-mutiny-vertx-auth-common/2.21.0/smallrye-mutiny-vertx-auth-common-2.21.0.jar:/Users/justin/.m2/repository/io/smallrye/reactive/smallrye-mutiny-vertx-bridge-common/2.21.0/smallrye-mutiny-vertx-bridge-common-2.21.0.jar:/Users/justin/.m2/repository/io/vertx/vertx-web/4.2.7/vertx-web-4.2.7.jar:/Users/justin/.m2/repository/io/vertx/vertx-web-common/4.2.7/vertx-web-common-4.2.7.jar:/Users/justin/.m2/repository/io/vertx/vertx-auth-common/4.2.7/vertx-auth-common-4.2.7.jar:/Users/justin/.m2/repository/io/vertx/vertx-bridge-common/4.2.7/vertx-bridge-common-4.2.7.jar:/Users/justin/.m2/repository/io/quarkus/quarkus-jsonp/2.8.1.Final/quarkus-jsonp-2.8.1.Final.jar:/Users/justin/.m2/repository/io/quarkus/quarkus-junit5/2.8.1.Final/quarkus-junit5-2.8.1.Final.jar:/Users/justin/.m2/repository/io/quarkus/quarkus-bootstrap-core/2.8.1.Final/quarkus-bootstrap-core-2.8.1.Final.jar:/Users/justin/.m2/repository/io/quarkus/quarkus-bootstrap-app-model/2.8.1.Final/quarkus-bootstrap-app-model-2.8.1.Final.jar:/Users/justin/.m2/repository/io/quarkus/quarkus-bootstrap-maven-resolver/2.8.1.Final/quarkus-bootstrap-maven-resolver-2.8.1.Final.jar:/Users/justin/.m2/repository/org/apache/maven/maven-embedder/3.8.4/maven-embedder-3.8.4.jar:/Users/justin/.m2/repository/org/apache/maven/maven-settings/3.8.4/maven-settings-3.8.4.jar:/Users/justin/.m2/repository/org/apache/maven/maven-core/3.8.4/maven-core-3.8.4.jar:/Users/justin/.m2/repository/org/apache/maven/maven-artifact/3.8.4/maven-artifact-3.8.4.jar:/Users/justin/.m2/repository/org/codehaus/plexus/plexus-component-annotations/2.1.0/plexus-component-annotations-2.1.0.jar:/Users/justin/.m2/repository/org/apache/maven/maven-plugin-api/3.8.4/maven-plugin-api-3.8.4.jar:/Users/justin/.m2/repository/org/apache/maven/maven-model/3.8.4/maven-model-3.8.4.jar:/Users/justin/.m2/repository/org/apache/maven/maven-model-builder/3.8.4/maven-model-builder-3.8.4.jar:/Users/justin/.m2/repository/org/apache/maven/maven-builder-support/3.8.4/maven-builder-support-3.8.4.jar:/Users/justin/.m2/repository/org/apache/maven/resolver/maven-resolver-api/1.6.3/maven-resolver-api-1.6.3.jar:/Users/justin/.m2/repository/org/apache/maven/resolver/maven-resolver-util/1.6.3/maven-resolver-util-1.6.3.jar:/Users/justin/.m2/repository/org/apache/maven/shared/maven-shared-utils/3.3.4/maven-shared-utils-3.3.4.jar:/Users/justin/.m2/repository/com/google/inject/guice/4.2.2/guice-4.2.2-no_aop.jar:/Users/justin/.m2/repository/com/google/guava/guava/31.1-jre/guava-31.1-jre.jar:/Users/justin/.m2/repository/com/google/guava/failureaccess/1.0.1/failureaccess-1.0.1.jar:/Users/justin/.m2/repository/org/codehaus/plexus/plexus-classworlds/2.6.0/plexus-classworlds-2.6.0.jar:/Users/justin/.m2/repository/org/codehaus/plexus/plexus-sec-dispatcher/2.0/plexus-sec-dispatcher-2.0.jar:/Users/justin/.m2/repository/org/codehaus/plexus/plexus-cipher/2.0/plexus-cipher-2.0.jar:/Users/justin/.m2/repository/commons-cli/commons-cli/1.4/commons-cli-1.4.jar:/Users/justin/.m2/repository/org/eclipse/sisu/org.eclipse.sisu.plexus/0.3.5/org.eclipse.sisu.plexus-0.3.5.jar:/Users/justin/.m2/repository/org/apache/maven/maven-settings-builder/3.8.4/maven-settings-builder-3.8.4.jar:/Users/justin/.m2/repository/org/codehaus/plexus/plexus-interpolation/1.26/plexus-interpolation-1.26.jar:/Users/justin/.m2/repository/org/apache/maven/maven-resolver-provider/3.8.4/maven-resolver-provider-3.8.4.jar:/Users/justin/.m2/repository/org/apache/maven/maven-repository-metadata/3.8.4/maven-repository-metadata-3.8.4.jar:/Users/justin/.m2/repository/org/apache/maven/resolver/maven-resolver-spi/1.6.3/maven-resolver-spi-1.6.3.jar:/Users/justin/.m2/repository/org/apache/maven/resolver/maven-resolver-impl/1.6.3/maven-resolver-impl-1.6.3.jar:/Users/justin/.m2/repository/org/codehaus/plexus/plexus-utils/3.3.0/plexus-utils-3.3.0.jar:/Users/justin/.m2/repository/org/apache/maven/resolver/maven-resolver-connector-basic/1.6.3/maven-resolver-connector-basic-1.6.3.jar:/Users/justin/.m2/repository/org/apache/maven/resolver/maven-resolver-transport-wagon/1.6.3/maven-resolver-transport-wagon-1.6.3.jar:/Users/justin/.m2/repository/org/apache/maven/wagon/wagon-http/3.4.3/wagon-http-3.4.3.jar:/Users/justin/.m2/repository/org/apache/maven/wagon/wagon-http-shared/3.4.3/wagon-http-shared-3.4.3.jar:/Users/justin/.m2/repository/org/jsoup/jsoup/1.14.2/jsoup-1.14.2.jar:/Users/justin/.m2/repository/org/apache/maven/wagon/wagon-provider-api/3.4.3/wagon-provider-api-3.4.3.jar:/Users/justin/.m2/repository/org/apache/maven/wagon/wagon-file/3.4.3/wagon-file-3.4.3.jar:/Users/justin/.m2/repository/io/quarkus/quarkus-bootstrap-gradle-resolver/2.8.1.Final/quarkus-bootstrap-gradle-resolver-2.8.1.Final.jar:/Users/justin/.m2/repository/io/smallrye/common/smallrye-common-io/1.10.0/smallrye-common-io-1.10.0.jar:/Users/justin/.m2/repository/org/eclipse/sisu/org.eclipse.sisu.inject/0.3.5/org.eclipse.sisu.inject-0.3.5.jar:/Users/justin/.m2/repository/io/quarkus/quarkus-test-common/2.8.1.Final/quarkus-test-common-2.8.1.Final.jar:/Users/justin/.m2/repository/io/quarkus/quarkus-core-deployment/2.8.1.Final/quarkus-core-deployment-2.8.1.Final.jar:/Users/justin/.m2/repository/org/aesh/readline/2.2/readline-2.2.jar:/Users/justin/.m2/repository/org/fusesource/jansi/jansi/1.18/jansi-1.18.jar:/Users/justin/.m2/repository/org/aesh/aesh/2.6/aesh-2.6.jar:/Users/justin/.m2/repository/io/quarkus/gizmo/gizmo/1.0.10.Final/gizmo-1.0.10.Final.jar:/Users/justin/.m2/repository/org/ow2/asm/asm-util/9.2/asm-util-9.2.jar:/Users/justin/.m2/repository/org/ow2/asm/asm/9.2/asm-9.2.jar:/Users/justin/.m2/repository/org/ow2/asm/asm-commons/9.2/asm-commons-9.2.jar:/Users/justin/.m2/repository/org/ow2/asm/asm-tree/9.2/asm-tree-9.2.jar:/Users/justin/.m2/repository/org/ow2/asm/asm-analysis/9.2/asm-analysis-9.2.jar:/Users/justin/.m2/repository/io/quarkus/quarkus-class-change-agent/2.8.1.Final/quarkus-class-change-agent-2.8.1.Final.jar:/Users/justin/.m2/repository/io/quarkus/quarkus-devtools-utilities/2.8.1.Final/quarkus-devtools-utilities-2.8.1.Final.jar:/Users/justin/.m2/repository/io/quarkus/quarkus-builder/2.8.1.Final/quarkus-builder-2.8.1.Final.jar:/Users/justin/.m2/repository/org/junit/platform/junit-platform-launcher/1.8.2/junit-platform-launcher-1.8.2.jar:/Users/justin/.m2/repository/io/quarkus/quarkus-jsonp-deployment/2.8.1.Final/quarkus-jsonp-deployment-2.8.1.Final.jar:/Users/justin/.m2/repository/org/jboss/jandex/2.4.2.Final/jandex-2.4.2.Final.jar:/Users/justin/.m2/repository/org/jboss/logging/commons-logging-jboss-logging/1.0.0.Final/commons-logging-jboss-logging-1.0.0.Final.jar:/Users/justin/.m2/repository/io/quarkus/quarkus-junit5-properties/2.8.1.Final/quarkus-junit5-properties-2.8.1.Final.jar:/Users/justin/.m2/repository/org/junit/jupiter/junit-jupiter/5.8.2/junit-jupiter-5.8.2.jar:/Users/justin/.m2/repository/org/junit/jupiter/junit-jupiter-api/5.8.2/junit-jupiter-api-5.8.2.jar:/Users/justin/.m2/repository/org/opentest4j/opentest4j/1.2.0/opentest4j-1.2.0.jar:/Users/justin/.m2/repository/org/junit/platform/junit-platform-commons/1.8.2/junit-platform-commons-1.8.2.jar:/Users/justin/.m2/repository/org/apiguardian/apiguardian-api/1.1.2/apiguardian-api-1.1.2.jar:/Users/justin/.m2/repository/org/junit/jupiter/junit-jupiter-params/5.8.2/junit-jupiter-params-5.8.2.jar:/Users/justin/.m2/repository/org/junit/jupiter/junit-jupiter-engine/5.8.2/junit-jupiter-engine-5.8.2.jar:/Users/justin/.m2/repository/org/junit/platform/junit-platform-engine/1.8.2/junit-platform-engine-1.8.2.jar:/Users/justin/.m2/repository/com/thoughtworks/xstream/xstream/1.4.19/xstream-1.4.19.jar:/Users/justin/.m2/repository/io/github/x-stream/mxparser/1.2.2/mxparser-1.2.2.jar:/Users/justin/.m2/repository/xmlpull/xmlpull/1.1.3.1/xmlpull-1.1.3.1.jar:/Users/justin/.m2/repository/org/jboss/resteasy/resteasy-client/4.7.5.Final/resteasy-client-4.7.5.Final.jar:/Users/justin/.m2/repository/org/jboss/resteasy/resteasy-client-api/4.7.5.Final/resteasy-client-api-4.7.5.Final.jar:/Users/justin/.m2/repository/org/jboss/resteasy/resteasy-core-spi/4.7.5.Final/resteasy-core-spi-4.7.5.Final.jar:/Users/justin/.m2/repository/org/jboss/spec/javax/xml/bind/jboss-jaxb-api_2.3_spec/2.0.0.Final/jboss-jaxb-api_2.3_spec-2.0.0.Final.jar:/Users/justin/.m2/repository/jakarta/validation/jakarta.validation-api/2.0.2/jakarta.validation-api-2.0.2.jar:/Users/justin/.m2/repository/org/jboss/resteasy/resteasy-core/4.7.5.Final/resteasy-core-4.7.5.Final.jar:/Users/justin/.m2/repository/jakarta/activation/jakarta.activation-api/1.2.1/jakarta.activation-api-1.2.1.jar:/Users/justin/.m2/repository/com/ibm/async/asyncutil/0.1.0/asyncutil-0.1.0.jar:/Users/justin/.m2/repository/org/jboss/logging/jboss-logging/3.4.3.Final/jboss-logging-3.4.3.Final.jar:/Users/justin/.m2/repository/org/apache/httpcomponents/httpclient/4.5.13/httpclient-4.5.13.jar:/Users/justin/.m2/repository/org/apache/httpcomponents/httpcore/4.4.15/httpcore-4.4.15.jar:/Users/justin/.m2/repository/commons-logging/commons-logging/1.2/commons-logging-1.2.jar:/Users/justin/.m2/repository/commons-codec/commons-codec/1.15/commons-codec-1.15.jar:/Users/justin/.m2/repository/commons-io/commons-io/2.11.0/commons-io-2.11.0.jar:/Users/justin/.m2/repository/org/jboss/spec/javax/ws/rs/jboss-jaxrs-api_2.1_spec/2.0.1.Final/jboss-jaxrs-api_2.1_spec-2.0.1.Final.jar:/Users/justin/.m2/repository/org/reactivestreams/reactive-streams/1.0.3/reactive-streams-1.0.3.jar:/Users/justin/.m2/repository/io/rest-assured/rest-assured/4.5.1/rest-assured-4.5.1.jar:/Users/justin/.m2/repository/org/codehaus/groovy/groovy/3.0.9/groovy-3.0.9.jar:/Users/justin/.m2/repository/org/codehaus/groovy/groovy-xml/3.0.9/groovy-xml-3.0.9.jar:/Users/justin/.m2/repository/org/apache/httpcomponents/httpmime/4.5.13/httpmime-4.5.13.jar:/Users/justin/.m2/repository/org/hamcrest/hamcrest/2.1/hamcrest-2.1.jar:/Users/justin/.m2/repository/org/ccil/cowan/tagsoup/tagsoup/1.2.1/tagsoup-1.2.1.jar:/Users/justin/.m2/repository/io/rest-assured/json-path/4.5.1/json-path-4.5.1.jar:/Users/justin/.m2/repository/org/codehaus/groovy/groovy-json/3.0.9/groovy-json-3.0.9.jar:/Users/justin/.m2/repository/io/rest-assured/rest-assured-common/4.5.1/rest-assured-common-4.5.1.jar:/Users/justin/.m2/repository/io/rest-assured/xml-path/4.5.1/xml-path-4.5.1.jar:/Users/justin/.m2/repository/org/apache/commons/commons-lang3/3.12.0/commons-lang3-3.12.0.jar:"/>
    <property name="java.vm.vendor" value="Azul Systems, Inc."/>
    <property name="sun.arch.data.model" value="64"/>
    <property name="java.vendor.url" value="http://www.azulsystems.com/"/>
    <property name="user.timezone" value="Europe/London"/>
    <property name="java.vm.specification.version" value="11"/>
    <property name="os.name" value="Mac OS X"/>
    <property name="sun.java.launcher" value="SUN_STANDARD"/>
    <property name="user.country" value="GB"/>
    <property name="sun.boot.library.path" value="/Users/justin/.sdkman/candidates/java/11.0.6-zulu/lib"/>
    <property name="sun.java.command" value="/Users/justin/github/quarkus-kafka-tekton/car/target/surefire/surefirebooter13234994661016648318.jar /Users/justin/github/quarkus-kafka-tekton/car/target/surefire 2022-05-16T14-13-05_678-jvmRun1 surefire16530906429354298535tmp surefire_010594988705984064140tmp"/>
    <property name="http.nonProxyHosts" value="local|*.local|169.254/16|*.169.254/16"/>
    <property name="jdk.debug" value="release"/>
    <property name="maven.home" value="/Users/justin/java/maven"/>
    <property name="io.smallrye.health.delayChecksInitializations" value="true"/>
    <property name="surefire.test.class.path" value="/Users/justin/github/quarkus-kafka-tekton/car/target/test-classes:/Users/justin/github/quarkus-kafka-tekton/car/target/classes:/Users/justin/.m2/repository/io/quarkus/quarkus-smallrye-reactive-messaging-kafka/2.8.1.Final/quarkus-smallrye-reactive-messaging-kafka-2.8.1.Final.jar:/Users/justin/.m2/repository/io/quarkus/quarkus-kafka-client/2.8.1.Final/quarkus-kafka-client-2.8.1.Final.jar:/Users/justin/.m2/repository/io/quarkus/quarkus-arc/2.8.1.Final/quarkus-arc-2.8.1.Final.jar:/Users/justin/.m2/repository/io/quarkus/arc/arc/2.8.1.Final/arc-2.8.1.Final.jar:/Users/justin/.m2/repository/jakarta/transaction/jakarta.transaction-api/1.3.3/jakarta.transaction-api-1.3.3.jar:/Users/justin/.m2/repository/org/eclipse/microprofile/context-propagation/microprofile-context-propagation-api/1.2/microprofile-context-propagation-api-1.2.jar:/Users/justin/.m2/repository/io/quarkus/quarkus-caffeine/2.8.1.Final/quarkus-caffeine-2.8.1.Final.jar:/Users/justin/.m2/repository/com/github/ben-manes/caffeine/caffeine/2.9.3/caffeine-2.9.3.jar:/Users/justin/.m2/repository/com/google/errorprone/error_prone_annotations/2.11.0/error_prone_annotations-2.11.0.jar:/Users/justin/.m2/repository/io/smallrye/reactive/smallrye-reactive-messaging-kafka/3.15.0/smallrye-reactive-messaging-kafka-3.15.0.jar:/Users/justin/.m2/repository/io/smallrye/reactive/smallrye-reactive-messaging-kafka-api/3.15.0/smallrye-reactive-messaging-kafka-api-3.15.0.jar:/Users/justin/.m2/repository/io/opentelemetry/opentelemetry-api/1.12.0/opentelemetry-api-1.12.0.jar:/Users/justin/.m2/repository/io/opentelemetry/opentelemetry-context/1.12.0/opentelemetry-context-1.12.0.jar:/Users/justin/.m2/repository/io/opentelemetry/opentelemetry-semconv/1.12.0-alpha/opentelemetry-semconv-1.12.0-alpha.jar:/Users/justin/.m2/repository/io/smallrye/reactive/smallrye-reactive-converter-api/2.7.0/smallrye-reactive-converter-api-2.7.0.jar:/Users/justin/.m2/repository/io/smallrye/reactive/mutiny/1.4.0/mutiny-1.4.0.jar:/Users/justin/.m2/repository/io/quarkus/quarkus-jackson/2.8.1.Final/quarkus-jackson-2.8.1.Final.jar:/Users/justin/.m2/repository/com/fasterxml/jackson/core/jackson-databind/2.13.2.2/jackson-databind-2.13.2.2.jar:/Users/justin/.m2/repository/com/fasterxml/jackson/core/jackson-annotations/2.13.2/jackson-annotations-2.13.2.jar:/Users/justin/.m2/repository/com/fasterxml/jackson/core/jackson-core/2.13.2/jackson-core-2.13.2.jar:/Users/justin/.m2/repository/com/fasterxml/jackson/datatype/jackson-datatype-jsr310/2.13.2/jackson-datatype-jsr310-2.13.2.jar:/Users/justin/.m2/repository/com/fasterxml/jackson/datatype/jackson-datatype-jdk8/2.13.2/jackson-datatype-jdk8-2.13.2.jar:/Users/justin/.m2/repository/com/fasterxml/jackson/module/jackson-module-parameter-names/2.13.2/jackson-module-parameter-names-2.13.2.jar:/Users/justin/.m2/repository/org/apache/kafka/kafka-clients/3.1.0/kafka-clients-3.1.0.jar:/Users/justin/.m2/repository/com/github/luben/zstd-jni/1.5.0-4/zstd-jni-1.5.0-4.jar:/Users/justin/.m2/repository/org/lz4/lz4-java/1.8.0/lz4-java-1.8.0.jar:/Users/justin/.m2/repository/org/xerial/snappy/snappy-java/1.1.8.4/snappy-java-1.1.8.4.jar:/Users/justin/.m2/repository/org/slf4j/slf4j-api/1.7.36/slf4j-api-1.7.36.jar:/Users/justin/.m2/repository/io/vertx/vertx-kafka-client/4.2.7/vertx-kafka-client-4.2.7.jar:/Users/justin/.m2/repository/io/vertx/vertx-core/4.2.7/vertx-core-4.2.7.jar:/Users/justin/.m2/repository/io/netty/netty-common/4.1.74.Final/netty-common-4.1.74.Final.jar:/Users/justin/.m2/repository/io/netty/netty-buffer/4.1.74.Final/netty-buffer-4.1.74.Final.jar:/Users/justin/.m2/repository/io/netty/netty-transport/4.1.74.Final/netty-transport-4.1.74.Final.jar:/Users/justin/.m2/repository/io/netty/netty-handler/4.1.74.Final/netty-handler-4.1.74.Final.jar:/Users/justin/.m2/repository/io/netty/netty-codec/4.1.74.Final/netty-codec-4.1.74.Final.jar:/Users/justin/.m2/repository/io/netty/netty-tcnative-classes/2.0.48.Final/netty-tcnative-classes-2.0.48.Final.jar:/Users/justin/.m2/repository/io/netty/netty-handler-proxy/4.1.74.Final/netty-handler-proxy-4.1.74.Final.jar:/Users/justin/.m2/repository/io/netty/netty-codec-socks/4.1.74.Final/netty-codec-socks-4.1.74.Final.jar:/Users/justin/.m2/repository/io/netty/netty-codec-http/4.1.74.Final/netty-codec-http-4.1.74.Final.jar:/Users/justin/.m2/repository/io/netty/netty-codec-http2/4.1.74.Final/netty-codec-http2-4.1.74.Final.jar:/Users/justin/.m2/repository/io/netty/netty-resolver/4.1.74.Final/netty-resolver-4.1.74.Final.jar:/Users/justin/.m2/repository/io/netty/netty-resolver-dns/4.1.74.Final/netty-resolver-dns-4.1.74.Final.jar:/Users/justin/.m2/repository/io/netty/netty-codec-dns/4.1.74.Final/netty-codec-dns-4.1.74.Final.jar:/Users/justin/.m2/repository/io/quarkus/quarkus-smallrye-reactive-messaging/2.8.1.Final/quarkus-smallrye-reactive-messaging-2.8.1.Final.jar:/Users/justin/.m2/repository/io/quarkus/quarkus-mutiny-reactive-streams-operators/2.8.1.Final/quarkus-mutiny-reactive-streams-operators-2.8.1.Final.jar:/Users/justin/.m2/repository/org/eclipse/microprofile/reactive-streams-operators/microprofile-reactive-streams-operators-api/1.0.1/microprofile-reactive-streams-operators-api-1.0.1.jar:/Users/justin/.m2/repository/org/eclipse/microprofile/reactive-streams-operators/microprofile-reactive-streams-operators-core/1.0.1/microprofile-reactive-streams-operators-core-1.0.1.jar:/Users/justin/.m2/repository/io/smallrye/reactive/mutiny-reactive-streams-operators/1.4.0/mutiny-reactive-streams-operators-1.4.0.jar:/Users/justin/.m2/repository/io/smallrye/reactive/mutiny-smallrye-context-propagation/1.4.0/mutiny-smallrye-context-propagation-1.4.0.jar:/Users/justin/.m2/repository/io/smallrye/smallrye-context-propagation/1.2.2/smallrye-context-propagation-1.2.2.jar:/Users/justin/.m2/repository/io/smallrye/smallrye-context-propagation-api/1.2.2/smallrye-context-propagation-api-1.2.2.jar:/Users/justin/.m2/repository/io/smallrye/smallrye-context-propagation-storage/1.2.2/smallrye-context-propagation-storage-1.2.2.jar:/Users/justin/.m2/repository/io/quarkus/quarkus-smallrye-context-propagation/2.8.1.Final/quarkus-smallrye-context-propagation-2.8.1.Final.jar:/Users/justin/.m2/repository/io/quarkus/quarkus-smallrye-reactive-messaging-kotlin/2.8.1.Final/quarkus-smallrye-reactive-messaging-kotlin-2.8.1.Final.jar:/Users/justin/.m2/repository/io/quarkus/quarkus-vertx/2.8.1.Final/quarkus-vertx-2.8.1.Final.jar:/Users/justin/.m2/repository/io/quarkus/quarkus-netty/2.8.1.Final/quarkus-netty-2.8.1.Final.jar:/Users/justin/.m2/repository/io/netty/netty-codec-haproxy/4.1.74.Final/netty-codec-haproxy-4.1.74.Final.jar:/Users/justin/.m2/repository/io/smallrye/smallrye-fault-tolerance-vertx/5.3.1/smallrye-fault-tolerance-vertx-5.3.1.jar:/Users/justin/.m2/repository/io/smallrye/common/smallrye-common-annotation/1.10.0/smallrye-common-annotation-1.10.0.jar:/Users/justin/.m2/repository/io/smallrye/reactive/smallrye-reactive-messaging-health/3.15.0/smallrye-reactive-messaging-health-3.15.0.jar:/Users/justin/.m2/repository/io/smallrye/reactive/smallrye-reactive-messaging-provider/3.15.0/smallrye-reactive-messaging-provider-3.15.0.jar:/Users/justin/.m2/repository/io/smallrye/reactive/smallrye-reactive-messaging-api/3.15.0/smallrye-reactive-messaging-api-3.15.0.jar:/Users/justin/.m2/repository/io/smallrye/common/smallrye-common-vertx-context/1.10.0/smallrye-common-vertx-context-1.10.0.jar:/Users/justin/.m2/repository/io/smallrye/common/smallrye-common-constraint/1.10.0/smallrye-common-constraint-1.10.0.jar:/Users/justin/.m2/repository/io/smallrye/reactive/smallrye-mutiny-vertx-core/2.21.0/smallrye-mutiny-vertx-core-2.21.0.jar:/Users/justin/.m2/repository/io/smallrye/reactive/smallrye-mutiny-vertx-runtime/2.21.0/smallrye-mutiny-vertx-runtime-2.21.0.jar:/Users/justin/.m2/repository/io/smallrye/reactive/vertx-mutiny-generator/2.21.0/vertx-mutiny-generator-2.21.0.jar:/Users/justin/.m2/repository/io/vertx/vertx-codegen/4.2.7/vertx-codegen-4.2.7.jar:/Users/justin/.m2/repository/jakarta/annotation/jakarta.annotation-api/1.3.5/jakarta.annotation-api-1.3.5.jar:/Users/justin/.m2/repository/io/quarkus/quarkus-resteasy-reactive-jackson/2.8.1.Final/quarkus-resteasy-reactive-jackson-2.8.1.Final.jar:/Users/justin/.m2/repository/io/quarkus/quarkus-resteasy-reactive/2.8.1.Final/quarkus-resteasy-reactive-2.8.1.Final.jar:/Users/justin/.m2/repository/io/quarkus/quarkus-resteasy-reactive-common/2.8.1.Final/quarkus-resteasy-reactive-common-2.8.1.Final.jar:/Users/justin/.m2/repository/io/quarkus/resteasy/reactive/resteasy-reactive-common/2.8.1.Final/resteasy-reactive-common-2.8.1.Final.jar:/Users/justin/.m2/repository/io/quarkus/resteasy/reactive/resteasy-reactive-vertx/2.8.1.Final/resteasy-reactive-vertx-2.8.1.Final.jar:/Users/justin/.m2/repository/io/quarkus/resteasy/reactive/resteasy-reactive/2.8.1.Final/resteasy-reactive-2.8.1.Final.jar:/Users/justin/.m2/repository/io/quarkus/quarkus-resteasy-reactive-jackson-common/2.8.1.Final/quarkus-resteasy-reactive-jackson-common-2.8.1.Final.jar:/Users/justin/.m2/repository/io/quarkus/resteasy/reactive/resteasy-reactive-jackson/2.8.1.Final/resteasy-reactive-jackson-2.8.1.Final.jar:/Users/justin/.m2/repository/io/quarkus/quarkus-smallrye-health/2.8.1.Final/quarkus-smallrye-health-2.8.1.Final.jar:/Users/justin/.m2/repository/io/smallrye/smallrye-health/3.2.1/smallrye-health-3.2.1.jar:/Users/justin/.m2/repository/org/eclipse/microprofile/health/microprofile-health-api/3.1/microprofile-health-api-3.1.jar:/Users/justin/.m2/repository/io/smallrye/smallrye-health-api/3.2.1/smallrye-health-api-3.2.1.jar:/Users/justin/.m2/repository/io/smallrye/config/smallrye-config/2.9.2/smallrye-config-2.9.2.jar:/Users/justin/.m2/repository/io/smallrye/config/smallrye-config-core/2.9.2/smallrye-config-core-2.9.2.jar:/Users/justin/.m2/repository/org/eclipse/microprofile/config/microprofile-config-api/2.0.1/microprofile-config-api-2.0.1.jar:/Users/justin/.m2/repository/io/smallrye/common/smallrye-common-expression/1.10.0/smallrye-common-expression-1.10.0.jar:/Users/justin/.m2/repository/io/smallrye/common/smallrye-common-function/1.10.0/smallrye-common-function-1.10.0.jar:/Users/justin/.m2/repository/io/smallrye/common/smallrye-common-classloader/1.10.0/smallrye-common-classloader-1.10.0.jar:/Users/justin/.m2/repository/io/smallrye/config/smallrye-config-common/2.9.2/smallrye-config-common-2.9.2.jar:/Users/justin/.m2/repository/jakarta/enterprise/jakarta.enterprise.cdi-api/2.0.2/jakarta.enterprise.cdi-api-2.0.2.jar:/Users/justin/.m2/repository/jakarta/el/jakarta.el-api/3.0.3/jakarta.el-api-3.0.3.jar:/Users/justin/.m2/repository/jakarta/interceptor/jakarta.interceptor-api/1.2.5/jakarta.interceptor-api-1.2.5.jar:/Users/justin/.m2/repository/org/glassfish/jakarta.json/1.1.6/jakarta.json-1.1.6.jar:/Users/justin/.m2/repository/io/smallrye/smallrye-health-provided-checks/3.2.1/smallrye-health-provided-checks-3.2.1.jar:/Users/justin/.m2/repository/io/quarkus/quarkus-core/2.8.1.Final/quarkus-core-2.8.1.Final.jar:/Users/justin/.m2/repository/jakarta/inject/jakarta.inject-api/1.0/jakarta.inject-api-1.0.jar:/Users/justin/.m2/repository/io/quarkus/quarkus-ide-launcher/2.8.1.Final/quarkus-ide-launcher-2.8.1.Final.jar:/Users/justin/.m2/repository/io/quarkus/quarkus-development-mode-spi/2.8.1.Final/quarkus-development-mode-spi-2.8.1.Final.jar:/Users/justin/.m2/repository/org/jboss/logmanager/jboss-logmanager-embedded/1.0.9/jboss-logmanager-embedded-1.0.9.jar:/Users/justin/.m2/repository/org/jboss/logging/jboss-logging-annotations/2.2.1.Final/jboss-logging-annotations-2.2.1.Final.jar:/Users/justin/.m2/repository/org/jboss/threads/jboss-threads/3.4.2.Final/jboss-threads-3.4.2.Final.jar:/Users/justin/.m2/repository/org/jboss/slf4j/slf4j-jboss-logmanager/1.1.0.Final/slf4j-jboss-logmanager-1.1.0.Final.jar:/Users/justin/.m2/repository/org/graalvm/sdk/graal-sdk/22.0.0.2/graal-sdk-22.0.0.2.jar:/Users/justin/.m2/repository/org/wildfly/common/wildfly-common/1.5.4.Final-format-001/wildfly-common-1.5.4.Final-format-001.jar:/Users/justin/.m2/repository/io/quarkus/quarkus-bootstrap-runner/2.8.1.Final/quarkus-bootstrap-runner-2.8.1.Final.jar:/Users/justin/.m2/repository/io/quarkus/quarkus-fs-util/0.0.9/quarkus-fs-util-0.0.9.jar:/Users/justin/.m2/repository/io/quarkus/quarkus-vertx-http/2.8.1.Final/quarkus-vertx-http-2.8.1.Final.jar:/Users/justin/.m2/repository/io/quarkus/quarkus-security-runtime-spi/2.8.1.Final/quarkus-security-runtime-spi-2.8.1.Final.jar:/Users/justin/.m2/repository/io/quarkus/quarkus-mutiny/2.8.1.Final/quarkus-mutiny-2.8.1.Final.jar:/Users/justin/.m2/repository/io/quarkus/quarkus-vertx-http-dev-console-runtime-spi/2.8.1.Final/quarkus-vertx-http-dev-console-runtime-spi-2.8.1.Final.jar:/Users/justin/.m2/repository/io/quarkus/security/quarkus-security/1.1.4.Final/quarkus-security-1.1.4.Final.jar:/Users/justin/.m2/repository/io/smallrye/reactive/smallrye-mutiny-vertx-web/2.21.0/smallrye-mutiny-vertx-web-2.21.0.jar:/Users/justin/.m2/repository/io/smallrye/reactive/smallrye-mutiny-vertx-web-common/2.21.0/smallrye-mutiny-vertx-web-common-2.21.0.jar:/Users/justin/.m2/repository/io/smallrye/reactive/smallrye-mutiny-vertx-auth-common/2.21.0/smallrye-mutiny-vertx-auth-common-2.21.0.jar:/Users/justin/.m2/repository/io/smallrye/reactive/smallrye-mutiny-vertx-bridge-common/2.21.0/smallrye-mutiny-vertx-bridge-common-2.21.0.jar:/Users/justin/.m2/repository/io/vertx/vertx-web/4.2.7/vertx-web-4.2.7.jar:/Users/justin/.m2/repository/io/vertx/vertx-web-common/4.2.7/vertx-web-common-4.2.7.jar:/Users/justin/.m2/repository/io/vertx/vertx-auth-common/4.2.7/vertx-auth-common-4.2.7.jar:/Users/justin/.m2/repository/io/vertx/vertx-bridge-common/4.2.7/vertx-bridge-common-4.2.7.jar:/Users/justin/.m2/repository/io/quarkus/quarkus-jsonp/2.8.1.Final/quarkus-jsonp-2.8.1.Final.jar:/Users/justin/.m2/repository/io/quarkus/quarkus-junit5/2.8.1.Final/quarkus-junit5-2.8.1.Final.jar:/Users/justin/.m2/repository/io/quarkus/quarkus-bootstrap-core/2.8.1.Final/quarkus-bootstrap-core-2.8.1.Final.jar:/Users/justin/.m2/repository/io/quarkus/quarkus-bootstrap-app-model/2.8.1.Final/quarkus-bootstrap-app-model-2.8.1.Final.jar:/Users/justin/.m2/repository/io/quarkus/quarkus-bootstrap-maven-resolver/2.8.1.Final/quarkus-bootstrap-maven-resolver-2.8.1.Final.jar:/Users/justin/.m2/repository/org/apache/maven/maven-embedder/3.8.4/maven-embedder-3.8.4.jar:/Users/justin/.m2/repository/org/apache/maven/maven-settings/3.8.4/maven-settings-3.8.4.jar:/Users/justin/.m2/repository/org/apache/maven/maven-core/3.8.4/maven-core-3.8.4.jar:/Users/justin/.m2/repository/org/apache/maven/maven-artifact/3.8.4/maven-artifact-3.8.4.jar:/Users/justin/.m2/repository/org/codehaus/plexus/plexus-component-annotations/2.1.0/plexus-component-annotations-2.1.0.jar:/Users/justin/.m2/repository/org/apache/maven/maven-plugin-api/3.8.4/maven-plugin-api-3.8.4.jar:/Users/justin/.m2/repository/org/apache/maven/maven-model/3.8.4/maven-model-3.8.4.jar:/Users/justin/.m2/repository/org/apache/maven/maven-model-builder/3.8.4/maven-model-builder-3.8.4.jar:/Users/justin/.m2/repository/org/apache/maven/maven-builder-support/3.8.4/maven-builder-support-3.8.4.jar:/Users/justin/.m2/repository/org/apache/maven/resolver/maven-resolver-api/1.6.3/maven-resolver-api-1.6.3.jar:/Users/justin/.m2/repository/org/apache/maven/resolver/maven-resolver-util/1.6.3/maven-resolver-util-1.6.3.jar:/Users/justin/.m2/repository/org/apache/maven/shared/maven-shared-utils/3.3.4/maven-shared-utils-3.3.4.jar:/Users/justin/.m2/repository/com/google/inject/guice/4.2.2/guice-4.2.2-no_aop.jar:/Users/justin/.m2/repository/com/google/guava/guava/31.1-jre/guava-31.1-jre.jar:/Users/justin/.m2/repository/com/google/guava/failureaccess/1.0.1/failureaccess-1.0.1.jar:/Users/justin/.m2/repository/org/codehaus/plexus/plexus-classworlds/2.6.0/plexus-classworlds-2.6.0.jar:/Users/justin/.m2/repository/org/codehaus/plexus/plexus-sec-dispatcher/2.0/plexus-sec-dispatcher-2.0.jar:/Users/justin/.m2/repository/org/codehaus/plexus/plexus-cipher/2.0/plexus-cipher-2.0.jar:/Users/justin/.m2/repository/commons-cli/commons-cli/1.4/commons-cli-1.4.jar:/Users/justin/.m2/repository/org/eclipse/sisu/org.eclipse.sisu.plexus/0.3.5/org.eclipse.sisu.plexus-0.3.5.jar:/Users/justin/.m2/repository/org/apache/maven/maven-settings-builder/3.8.4/maven-settings-builder-3.8.4.jar:/Users/justin/.m2/repository/org/codehaus/plexus/plexus-interpolation/1.26/plexus-interpolation-1.26.jar:/Users/justin/.m2/repository/org/apache/maven/maven-resolver-provider/3.8.4/maven-resolver-provider-3.8.4.jar:/Users/justin/.m2/repository/org/apache/maven/maven-repository-metadata/3.8.4/maven-repository-metadata-3.8.4.jar:/Users/justin/.m2/repository/org/apache/maven/resolver/maven-resolver-spi/1.6.3/maven-resolver-spi-1.6.3.jar:/Users/justin/.m2/repository/org/apache/maven/resolver/maven-resolver-impl/1.6.3/maven-resolver-impl-1.6.3.jar:/Users/justin/.m2/repository/org/codehaus/plexus/plexus-utils/3.3.0/plexus-utils-3.3.0.jar:/Users/justin/.m2/repository/org/apache/maven/resolver/maven-resolver-connector-basic/1.6.3/maven-resolver-connector-basic-1.6.3.jar:/Users/justin/.m2/repository/org/apache/maven/resolver/maven-resolver-transport-wagon/1.6.3/maven-resolver-transport-wagon-1.6.3.jar:/Users/justin/.m2/repository/org/apache/maven/wagon/wagon-http/3.4.3/wagon-http-3.4.3.jar:/Users/justin/.m2/repository/org/apache/maven/wagon/wagon-http-shared/3.4.3/wagon-http-shared-3.4.3.jar:/Users/justin/.m2/repository/org/jsoup/jsoup/1.14.2/jsoup-1.14.2.jar:/Users/justin/.m2/repository/org/apache/maven/wagon/wagon-provider-api/3.4.3/wagon-provider-api-3.4.3.jar:/Users/justin/.m2/repository/org/apache/maven/wagon/wagon-file/3.4.3/wagon-file-3.4.3.jar:/Users/justin/.m2/repository/io/quarkus/quarkus-bootstrap-gradle-resolver/2.8.1.Final/quarkus-bootstrap-gradle-resolver-2.8.1.Final.jar:/Users/justin/.m2/repository/io/smallrye/common/smallrye-common-io/1.10.0/smallrye-common-io-1.10.0.jar:/Users/justin/.m2/repository/org/eclipse/sisu/org.eclipse.sisu.inject/0.3.5/org.eclipse.sisu.inject-0.3.5.jar:/Users/justin/.m2/repository/io/quarkus/quarkus-test-common/2.8.1.Final/quarkus-test-common-2.8.1.Final.jar:/Users/justin/.m2/repository/io/quarkus/quarkus-core-deployment/2.8.1.Final/quarkus-core-deployment-2.8.1.Final.jar:/Users/justin/.m2/repository/org/aesh/readline/2.2/readline-2.2.jar:/Users/justin/.m2/repository/org/fusesource/jansi/jansi/1.18/jansi-1.18.jar:/Users/justin/.m2/repository/org/aesh/aesh/2.6/aesh-2.6.jar:/Users/justin/.m2/repository/io/quarkus/gizmo/gizmo/1.0.10.Final/gizmo-1.0.10.Final.jar:/Users/justin/.m2/repository/org/ow2/asm/asm-util/9.2/asm-util-9.2.jar:/Users/justin/.m2/repository/org/ow2/asm/asm/9.2/asm-9.2.jar:/Users/justin/.m2/repository/org/ow2/asm/asm-commons/9.2/asm-commons-9.2.jar:/Users/justin/.m2/repository/org/ow2/asm/asm-tree/9.2/asm-tree-9.2.jar:/Users/justin/.m2/repository/org/ow2/asm/asm-analysis/9.2/asm-analysis-9.2.jar:/Users/justin/.m2/repository/io/quarkus/quarkus-class-change-agent/2.8.1.Final/quarkus-class-change-agent-2.8.1.Final.jar:/Users/justin/.m2/repository/io/quarkus/quarkus-devtools-utilities/2.8.1.Final/quarkus-devtools-utilities-2.8.1.Final.jar:/Users/justin/.m2/repository/io/quarkus/quarkus-builder/2.8.1.Final/quarkus-builder-2.8.1.Final.jar:/Users/justin/.m2/repository/org/junit/platform/junit-platform-launcher/1.8.2/junit-platform-launcher-1.8.2.jar:/Users/justin/.m2/repository/io/quarkus/quarkus-jsonp-deployment/2.8.1.Final/quarkus-jsonp-deployment-2.8.1.Final.jar:/Users/justin/.m2/repository/org/jboss/jandex/2.4.2.Final/jandex-2.4.2.Final.jar:/Users/justin/.m2/repository/org/jboss/logging/commons-logging-jboss-logging/1.0.0.Final/commons-logging-jboss-logging-1.0.0.Final.jar:/Users/justin/.m2/repository/io/quarkus/quarkus-junit5-properties/2.8.1.Final/quarkus-junit5-properties-2.8.1.Final.jar:/Users/justin/.m2/repository/org/junit/jupiter/junit-jupiter/5.8.2/junit-jupiter-5.8.2.jar:/Users/justin/.m2/repository/org/junit/jupiter/junit-jupiter-api/5.8.2/junit-jupiter-api-5.8.2.jar:/Users/justin/.m2/repository/org/opentest4j/opentest4j/1.2.0/opentest4j-1.2.0.jar:/Users/justin/.m2/repository/org/junit/platform/junit-platform-commons/1.8.2/junit-platform-commons-1.8.2.jar:/Users/justin/.m2/repository/org/apiguardian/apiguardian-api/1.1.2/apiguardian-api-1.1.2.jar:/Users/justin/.m2/repository/org/junit/jupiter/junit-jupiter-params/5.8.2/junit-jupiter-params-5.8.2.jar:/Users/justin/.m2/repository/org/junit/jupiter/junit-jupiter-engine/5.8.2/junit-jupiter-engine-5.8.2.jar:/Users/justin/.m2/repository/org/junit/platform/junit-platform-engine/1.8.2/junit-platform-engine-1.8.2.jar:/Users/justin/.m2/repository/com/thoughtworks/xstream/xstream/1.4.19/xstream-1.4.19.jar:/Users/justin/.m2/repository/io/github/x-stream/mxparser/1.2.2/mxparser-1.2.2.jar:/Users/justin/.m2/repository/xmlpull/xmlpull/1.1.3.1/xmlpull-1.1.3.1.jar:/Users/justin/.m2/repository/org/jboss/resteasy/resteasy-client/4.7.5.Final/resteasy-client-4.7.5.Final.jar:/Users/justin/.m2/repository/org/jboss/resteasy/resteasy-client-api/4.7.5.Final/resteasy-client-api-4.7.5.Final.jar:/Users/justin/.m2/repository/org/jboss/resteasy/resteasy-core-spi/4.7.5.Final/resteasy-core-spi-4.7.5.Final.jar:/Users/justin/.m2/repository/org/jboss/spec/javax/xml/bind/jboss-jaxb-api_2.3_spec/2.0.0.Final/jboss-jaxb-api_2.3_spec-2.0.0.Final.jar:/Users/justin/.m2/repository/jakarta/validation/jakarta.validation-api/2.0.2/jakarta.validation-api-2.0.2.jar:/Users/justin/.m2/repository/org/jboss/resteasy/resteasy-core/4.7.5.Final/resteasy-core-4.7.5.Final.jar:/Users/justin/.m2/repository/jakarta/activation/jakarta.activation-api/1.2.1/jakarta.activation-api-1.2.1.jar:/Users/justin/.m2/repository/com/ibm/async/asyncutil/0.1.0/asyncutil-0.1.0.jar:/Users/justin/.m2/repository/org/jboss/logging/jboss-logging/3.4.3.Final/jboss-logging-3.4.3.Final.jar:/Users/justin/.m2/repository/org/apache/httpcomponents/httpclient/4.5.13/httpclient-4.5.13.jar:/Users/justin/.m2/repository/org/apache/httpcomponents/httpcore/4.4.15/httpcore-4.4.15.jar:/Users/justin/.m2/repository/commons-logging/commons-logging/1.2/commons-logging-1.2.jar:/Users/justin/.m2/repository/commons-codec/commons-codec/1.15/commons-codec-1.15.jar:/Users/justin/.m2/repository/commons-io/commons-io/2.11.0/commons-io-2.11.0.jar:/Users/justin/.m2/repository/org/jboss/spec/javax/ws/rs/jboss-jaxrs-api_2.1_spec/2.0.1.Final/jboss-jaxrs-api_2.1_spec-2.0.1.Final.jar:/Users/justin/.m2/repository/org/reactivestreams/reactive-streams/1.0.3/reactive-streams-1.0.3.jar:/Users/justin/.m2/repository/io/rest-assured/rest-assured/4.5.1/rest-assured-4.5.1.jar:/Users/justin/.m2/repository/org/codehaus/groovy/groovy/3.0.9/groovy-3.0.9.jar:/Users/justin/.m2/repository/org/codehaus/groovy/groovy-xml/3.0.9/groovy-xml-3.0.9.jar:/Users/justin/.m2/repository/org/apache/httpcomponents/httpmime/4.5.13/httpmime-4.5.13.jar:/Users/justin/.m2/repository/org/hamcrest/hamcrest/2.1/hamcrest-2.1.jar:/Users/justin/.m2/repository/org/ccil/cowan/tagsoup/tagsoup/1.2.1/tagsoup-1.2.1.jar:/Users/justin/.m2/repository/io/rest-assured/json-path/4.5.1/json-path-4.5.1.jar:/Users/justin/.m2/repository/org/codehaus/groovy/groovy-json/3.0.9/groovy-json-3.0.9.jar:/Users/justin/.m2/repository/io/rest-assured/rest-assured-common/4.5.1/rest-assured-common-4.5.1.jar:/Users/justin/.m2/repository/io/rest-assured/xml-path/4.5.1/xml-path-4.5.1.jar:/Users/justin/.m2/repository/org/apache/commons/commons-lang3/3.12.0/commons-lang3-3.12.0.jar:"/>
    <property name="sun.cpu.endian" value="little"/>
    <property name="user.home" value="/Users/justin"/>
    <property name="user.language" value="en"/>
    <property name="java.specification.vendor" value="Oracle Corporation"/>
    <property name="io.netty.allocator.maxOrder" value="3"/>
    <property name="java.version.date" value="2020-01-14"/>
    <property name="java.home" value="/Users/justin/.sdkman/candidates/java/11.0.6-zulu"/>
    <property name="file.separator" value="/"/>
    <property name="basedir" value="/Users/justin/github/quarkus-kafka-tekton/car"/>
    <property name="java.vm.compressedOopsMode" value="Zero based"/>
    <property name="line.separator" value="&#10;"/>
    <property name="java.specification.name" value="Java Platform API Specification"/>
    <property name="java.vm.specification.vendor" value="Oracle Corporation"/>
    <property name="java.awt.graphicsenv" value="sun.awt.CGraphicsEnvironment"/>
    <property name="surefire.real.class.path" value="/Users/justin/github/quarkus-kafka-tekton/car/target/surefire/surefirebooter13234994661016648318.jar"/>
    <property name="sun.management.compiler" value="HotSpot 64-Bit Tiered Compilers"/>
    <property name="ftp.nonProxyHosts" value="local|*.local|169.254/16|*.169.254/16"/>
    <property name="java.runtime.version" value="11.0.6+10-LTS"/>
    <property name="user.name" value="justin"/>
    <property name="path.separator" value=":"/>
    <property name="os.version" value="10.16"/>
    <property name="java.runtime.name" value="OpenJDK Runtime Environment"/>
    <property name="file.encoding" value="UTF-8"/>
    <property name="java.vm.name" value="OpenJDK 64-Bit Server VM"/>
    <property name="java.vendor.version" value="Zulu11.37+17-CA"/>
    <property name="localRepository" value="/Users/justin/.m2/repository"/>
    <property name="java.vendor.url.bug" value="http://www.azulsystems.com/support/"/>
    <property name="java.io.tmpdir" value="/var/folders/_n/pp6f5zzs68xd3k5yfnq_9gf80000gn/T/"/>
    <property name="quarkus.log.file.path" value="target/quarkus.log"/>
    <property name="java.version" value="11.0.6"/>
    <property name="java.util.concurrent.ForkJoinPool.common.threadFactory" value="io.quarkus.bootstrap.forkjoin.QuarkusForkJoinWorkerThreadFactory"/>
    <property name="user.dir" value="/Users/justin/github/quarkus-kafka-tekton/car"/>
    <property name="os.arch" value="x86_64"/>
    <property name="java.vm.specification.name" value="Java Virtual Machine Specification"/>
    <property name="vertx.disableDnsResolver" value="true"/>
    <property name="java.awt.printerjob" value="sun.lwawt.macosx.CPrinterJob"/>
    <property name="sun.os.patch.level" value="unknown"/>
    <property name="java.util.logging.manager" value="org.jboss.logmanager.LogManager"/>
    <property name="java.library.path" value="/Users/justin/Library/Java/Extensions:/Library/Java/Extensions:/Network/Library/Java/Extensions:/System/Library/Java/Extensions:/usr/lib/java:."/>
    <property name="java.vendor" value="Azul Systems, Inc."/>
    <property name="java.vm.info" value="mixed mode"/>
    <property name="vertx.disableTCCL" value="true"/>
    <property name="java.vm.version" value="11.0.6+10-LTS"/>
    <property name="sun.io.unicode.encoding" value="UnicodeBig"/>
    <property name="io.netty.machineId" value="94:1e:00:46:b6:ee:d1:f5"/>
    <property name="java.class.version" value="55.0"/>
    <property name="socksNonProxyHosts" value="local|*.local|169.254/16|*.169.254/16"/>
  </properties>
  <testcase name="testQuotesEventStream" classname="org.jnd.car.controller.CarsResourceTest" time="1.535">
    <system-out><![CDATA[2022-05-16 14:13:09,670 INFO  [org.jbo.threads] (main) JBoss Threads version 3.4.2.Final
2022-05-16 14:13:10,504 INFO  [io.qua.sma.dep.processor] (build-18) Configuring the channel 'cars' to be managed by the connector 'smallrye-kafka'
2022-05-16 14:13:10,505 INFO  [io.qua.sma.dep.processor] (build-18) Configuring the channel 'car-requests' to be managed by the connector 'smallrye-kafka'
2022-05-16 14:13:11,486 WARN  [io.sma.rea.mes.kafka] (main) SRMSG18216: No `group.id` set in the configuration, generate a random id: 062551ab-dc74-4d2d-9172-8ceda106ec1d
2022-05-16 14:13:11,488 INFO  [io.sma.rea.mes.kafka] (main) SRMSG18229: Configured topics for channel 'cars': [cars]
2022-05-16 14:13:11,498 INFO  [io.sma.rea.mes.kafka] (main) SRMSG18214: Key deserializer omitted, using String as default
2022-05-16 14:13:11,780 INFO  [org.apa.kaf.com.sec.aut.AbstractLogin] (main) Successfully logged in.
2022-05-16 14:13:12,145 INFO  [io.sma.rea.mes.kafka] (main) SRMSG18258: Kafka producer kafka-producer-car-requests, connected to Kafka brokers 'my-cluster2-kafka-bootstrap-kafka-cluster2.apps.sno.openshiftlabs.net:443', is configured to write records to 'car-requests'
2022-05-16 14:13:12,364 INFO  [io.quarkus] (main) Quarkus 2.8.1.Final on JVM started in 3.296s. Listening on: http://localhost:8081
2022-05-16 14:13:12,364 INFO  [io.quarkus] (main) Profile test activated. 
2022-05-16 14:13:12,364 INFO  [io.quarkus] (main) Installed features: [cdi, kafka-client, resteasy-reactive, resteasy-reactive-jackson, smallrye-context-propagation, smallrye-health, smallrye-reactive-messaging, smallrye-reactive-messaging-kafka, vertx]
]]></system-out>
  </testcase>
</testsuite>